09:16:43 INFO  : Registering command handlers for SDK TCF services
09:16:47 INFO  : Launching XSCT server: xsct -n -interactive /home/muqdas_satti/Desktop/SOC/vivado_projec/tpg_vdma_480p/tpg_vdma.sdk/temp_xsdb_launch_script.tcl
09:16:55 INFO  : XSCT server has started successfully.
09:16:55 INFO  : Successfully done setting XSCT server connection channel  
09:16:56 INFO  : Successfully done setting SDK workspace  
09:16:56 INFO  : Processing command line option -hwspec /home/muqdas_satti/Desktop/SOC/vivado_projec/tpg_vdma_480p/tpg_vdma.sdk/design_1_wrapper.hdf.
09:23:29 INFO  : Connected to target on host '127.0.0.1' and port '3121'.
09:24:09 INFO  : Connected to target on host '127.0.0.1' and port '3121'.
09:29:09 INFO  : Connected to target on host '127.0.0.1' and port '3121'.
09:29:44 INFO  : Connected to target on host '127.0.0.1' and port '3121'.
09:30:30 INFO  : Connected to target on host '127.0.0.1' and port '3121'.
09:30:30 INFO  : 'targets -set -filter {jtag_cable_name =~ "Digilent Zed 210248782891" && level==0} -index 1' command is executed.
09:30:32 INFO  : FPGA configured successfully with bitstream "/home/muqdas_satti/Desktop/SOC/vivado_projec/tpg_vdma_480p/tpg_vdma.sdk/design_1_wrapper_hw_platform_0/design_1_wrapper.bit"
09:30:48 INFO  : 'targets -set -filter {jtag_cable_name =~ "Digilent Zed 210248782891" && level==0} -index 1' command is executed.
09:30:48 INFO  : 'fpga -state' command is executed.
09:30:48 INFO  : Connected to target on host '127.0.0.1' and port '3121'.
09:30:49 INFO  : Jtag cable 'Digilent Zed 210248782891' is selected.
09:30:49 INFO  : 'jtag frequency' command is executed.
09:30:49 INFO  : Sourcing of '/home/muqdas_satti/Desktop/SOC/vivado_projec/tpg_vdma_480p/tpg_vdma.sdk/design_1_wrapper_hw_platform_0/ps7_init.tcl' is done.
09:30:49 INFO  : Context for 'APU' is selected.
09:30:49 INFO  : Hardware design information is loaded from '/home/muqdas_satti/Desktop/SOC/vivado_projec/tpg_vdma_480p/tpg_vdma.sdk/design_1_wrapper_hw_platform_0/system.hdf'.
09:30:49 INFO  : 'configparams force-mem-access 1' command is executed.
09:30:49 INFO  : Context for 'APU' is selected.
09:30:49 INFO  : 'stop' command is executed.
09:30:50 INFO  : 'ps7_init' command is executed.
09:30:50 INFO  : 'ps7_post_config' command is executed.
09:30:50 INFO  : Context for processor 'ps7_cortexa9_0' is selected.
09:30:50 INFO  : Processor reset is completed for 'ps7_cortexa9_0'.
09:30:50 INFO  : Context for processor 'ps7_cortexa9_0' is selected.
09:30:51 INFO  : The application '/home/muqdas_satti/Desktop/SOC/vivado_projec/tpg_vdma_480p/tpg_vdma.sdk/tpg_vdma/Debug/tpg_vdma.elf' is downloaded to processor 'ps7_cortexa9_0'.
09:30:51 INFO  : 'configparams force-mem-access 0' command is executed.
09:30:51 INFO  : ----------------XSDB Script----------------
connect -url tcp:127.0.0.1:3121
source /home/muqdas_satti/Desktop/SOC/vivado_projec/tpg_vdma_480p/tpg_vdma.sdk/design_1_wrapper_hw_platform_0/ps7_init.tcl
targets -set -nocase -filter {name =~"APU*" && jtag_cable_name =~ "Digilent Zed 210248782891"} -index 0
loadhw -hw /home/muqdas_satti/Desktop/SOC/vivado_projec/tpg_vdma_480p/tpg_vdma.sdk/design_1_wrapper_hw_platform_0/system.hdf -mem-ranges [list {0x40000000 0xbfffffff}]
configparams force-mem-access 1
targets -set -nocase -filter {name =~"APU*" && jtag_cable_name =~ "Digilent Zed 210248782891"} -index 0
stop
ps7_init
ps7_post_config
targets -set -nocase -filter {name =~ "ARM*#0" && jtag_cable_name =~ "Digilent Zed 210248782891"} -index 0
rst -processor
targets -set -nocase -filter {name =~ "ARM*#0" && jtag_cable_name =~ "Digilent Zed 210248782891"} -index 0
dow /home/muqdas_satti/Desktop/SOC/vivado_projec/tpg_vdma_480p/tpg_vdma.sdk/tpg_vdma/Debug/tpg_vdma.elf
configparams force-mem-access 0
----------------End of Script----------------

09:30:51 INFO  : Context for processor 'ps7_cortexa9_0' is selected.
09:30:51 INFO  : 'con' command is executed.
09:30:51 INFO  : ----------------XSDB Script (After Launch)----------------
targets -set -nocase -filter {name =~ "ARM*#0" && jtag_cable_name =~ "Digilent Zed 210248782891"} -index 0
con
----------------End of Script----------------

09:30:51 INFO  : Disconnected from the channel tcfchan#1.
09:34:04 INFO  : 'targets -set -filter {jtag_cable_name =~ "Digilent Zed 210248782891" && level==0} -index 1' command is executed.
09:34:04 INFO  : 'fpga -state' command is executed.
09:34:04 INFO  : Connected to target on host '127.0.0.1' and port '3121'.
09:34:04 INFO  : Jtag cable 'Digilent Zed 210248782891' is selected.
09:34:04 INFO  : 'jtag frequency' command is executed.
09:34:04 INFO  : Sourcing of '/home/muqdas_satti/Desktop/SOC/vivado_projec/tpg_vdma_480p/tpg_vdma.sdk/design_1_wrapper_hw_platform_0/ps7_init.tcl' is done.
09:34:04 INFO  : Context for 'APU' is selected.
09:34:04 INFO  : Hardware design information is loaded from '/home/muqdas_satti/Desktop/SOC/vivado_projec/tpg_vdma_480p/tpg_vdma.sdk/design_1_wrapper_hw_platform_0/system.hdf'.
09:34:04 INFO  : 'configparams force-mem-access 1' command is executed.
09:34:05 INFO  : Context for 'APU' is selected.
09:34:05 INFO  : 'stop' command is executed.
09:34:06 INFO  : 'ps7_init' command is executed.
09:34:06 INFO  : 'ps7_post_config' command is executed.
09:34:06 INFO  : Context for processor 'ps7_cortexa9_0' is selected.
09:34:06 INFO  : Processor reset is completed for 'ps7_cortexa9_0'.
09:34:06 INFO  : Context for processor 'ps7_cortexa9_0' is selected.
09:34:06 INFO  : The application '/home/muqdas_satti/Desktop/SOC/vivado_projec/tpg_vdma_480p/tpg_vdma.sdk/tpg_vdma/Debug/tpg_vdma.elf' is downloaded to processor 'ps7_cortexa9_0'.
09:34:06 INFO  : 'configparams force-mem-access 0' command is executed.
09:34:06 INFO  : ----------------XSDB Script----------------
connect -url tcp:127.0.0.1:3121
source /home/muqdas_satti/Desktop/SOC/vivado_projec/tpg_vdma_480p/tpg_vdma.sdk/design_1_wrapper_hw_platform_0/ps7_init.tcl
targets -set -nocase -filter {name =~"APU*" && jtag_cable_name =~ "Digilent Zed 210248782891"} -index 0
loadhw -hw /home/muqdas_satti/Desktop/SOC/vivado_projec/tpg_vdma_480p/tpg_vdma.sdk/design_1_wrapper_hw_platform_0/system.hdf -mem-ranges [list {0x40000000 0xbfffffff}]
configparams force-mem-access 1
targets -set -nocase -filter {name =~"APU*" && jtag_cable_name =~ "Digilent Zed 210248782891"} -index 0
stop
ps7_init
ps7_post_config
targets -set -nocase -filter {name =~ "ARM*#0" && jtag_cable_name =~ "Digilent Zed 210248782891"} -index 0
rst -processor
targets -set -nocase -filter {name =~ "ARM*#0" && jtag_cable_name =~ "Digilent Zed 210248782891"} -index 0
dow /home/muqdas_satti/Desktop/SOC/vivado_projec/tpg_vdma_480p/tpg_vdma.sdk/tpg_vdma/Debug/tpg_vdma.elf
configparams force-mem-access 0
----------------End of Script----------------

09:34:06 INFO  : Context for processor 'ps7_cortexa9_0' is selected.
09:34:06 INFO  : 'con' command is executed.
09:34:06 INFO  : ----------------XSDB Script (After Launch)----------------
targets -set -nocase -filter {name =~ "ARM*#0" && jtag_cable_name =~ "Digilent Zed 210248782891"} -index 0
con
----------------End of Script----------------

09:34:06 INFO  : Disconnected from the channel tcfchan#2.
09:34:46 INFO  : Connected to target on host '127.0.0.1' and port '3121'.
09:34:46 INFO  : 'targets -set -filter {jtag_cable_name =~ "Digilent Zed 210248782891" && level==0} -index 1' command is executed.
09:34:49 INFO  : FPGA configured successfully with bitstream "/home/muqdas_satti/Desktop/SOC/vivado_projec/tpg_vdma_480p/tpg_vdma.sdk/design_1_wrapper_hw_platform_0/design_1_wrapper.bit"
09:35:02 INFO  : 'targets -set -filter {jtag_cable_name =~ "Digilent Zed 210248782891" && level==0} -index 1' command is executed.
09:35:02 INFO  : 'fpga -state' command is executed.
09:35:02 INFO  : Connected to target on host '127.0.0.1' and port '3121'.
09:35:02 INFO  : Jtag cable 'Digilent Zed 210248782891' is selected.
09:35:02 INFO  : 'jtag frequency' command is executed.
09:35:02 INFO  : Sourcing of '/home/muqdas_satti/Desktop/SOC/vivado_projec/tpg_vdma_480p/tpg_vdma.sdk/design_1_wrapper_hw_platform_0/ps7_init.tcl' is done.
09:35:02 INFO  : Context for 'APU' is selected.
09:35:02 INFO  : Hardware design information is loaded from '/home/muqdas_satti/Desktop/SOC/vivado_projec/tpg_vdma_480p/tpg_vdma.sdk/design_1_wrapper_hw_platform_0/system.hdf'.
09:35:02 INFO  : 'configparams force-mem-access 1' command is executed.
09:35:02 INFO  : Context for 'APU' is selected.
09:35:02 INFO  : 'stop' command is executed.
09:35:03 INFO  : 'ps7_init' command is executed.
09:35:03 INFO  : 'ps7_post_config' command is executed.
09:35:04 INFO  : Context for processor 'ps7_cortexa9_0' is selected.
09:35:04 INFO  : Processor reset is completed for 'ps7_cortexa9_0'.
09:35:04 INFO  : Context for processor 'ps7_cortexa9_0' is selected.
09:35:04 INFO  : The application '/home/muqdas_satti/Desktop/SOC/vivado_projec/tpg_vdma_480p/tpg_vdma.sdk/tpg_vdma/Debug/tpg_vdma.elf' is downloaded to processor 'ps7_cortexa9_0'.
09:35:04 INFO  : 'configparams force-mem-access 0' command is executed.
09:35:04 INFO  : ----------------XSDB Script----------------
connect -url tcp:127.0.0.1:3121
source /home/muqdas_satti/Desktop/SOC/vivado_projec/tpg_vdma_480p/tpg_vdma.sdk/design_1_wrapper_hw_platform_0/ps7_init.tcl
targets -set -nocase -filter {name =~"APU*" && jtag_cable_name =~ "Digilent Zed 210248782891"} -index 0
loadhw -hw /home/muqdas_satti/Desktop/SOC/vivado_projec/tpg_vdma_480p/tpg_vdma.sdk/design_1_wrapper_hw_platform_0/system.hdf -mem-ranges [list {0x40000000 0xbfffffff}]
configparams force-mem-access 1
targets -set -nocase -filter {name =~"APU*" && jtag_cable_name =~ "Digilent Zed 210248782891"} -index 0
stop
ps7_init
ps7_post_config
targets -set -nocase -filter {name =~ "ARM*#0" && jtag_cable_name =~ "Digilent Zed 210248782891"} -index 0
rst -processor
targets -set -nocase -filter {name =~ "ARM*#0" && jtag_cable_name =~ "Digilent Zed 210248782891"} -index 0
dow /home/muqdas_satti/Desktop/SOC/vivado_projec/tpg_vdma_480p/tpg_vdma.sdk/tpg_vdma/Debug/tpg_vdma.elf
configparams force-mem-access 0
----------------End of Script----------------

09:35:04 INFO  : Context for processor 'ps7_cortexa9_0' is selected.
09:35:04 INFO  : 'con' command is executed.
09:35:04 INFO  : ----------------XSDB Script (After Launch)----------------
targets -set -nocase -filter {name =~ "ARM*#0" && jtag_cable_name =~ "Digilent Zed 210248782891"} -index 0
con
----------------End of Script----------------

09:35:04 INFO  : Disconnected from the channel tcfchan#3.
15:30:40 INFO  : Registering command handlers for SDK TCF services
15:30:44 INFO  : Launching XSCT server: xsct -n -interactive /home/muqdas_satti/Desktop/SOC/vivado_projec/tpg_vdma_480p/tpg_vdma.sdk/temp_xsdb_launch_script.tcl
15:30:51 INFO  : XSCT server has started successfully.
15:30:52 INFO  : Successfully done setting XSCT server connection channel  
15:30:52 INFO  : Successfully done setting SDK workspace  
15:31:27 INFO  : Connected to target on host '127.0.0.1' and port '3121'.
